diyglsllwp-android/proguard/mapping.txt
com.softwaresemantics.diyglsllwp.AboutDialog -> com.softwaresemantics.diyglsllwp.a:
    android.content.Context mContext -> a
    void onCreate(android.os.Bundle) -> onCreate
    boolean dispatchTouchEvent(android.view.MotionEvent) -> dispatchTouchEvent
    java.lang.String readRawTextFile(int) -> a
com.softwaresemantics.diyglsllwp.AlmostFSResStrategy -> com.softwaresemantics.diyglsllwp.b:
    android.content.Context context -> a
    int reservedHeight -> b
    com.badlogic.gdx.backends.android.surfaceview.ResolutionStrategy$MeasuredDimension calcMeasures(int,int) -> calcMeasures
com.softwaresemantics.diyglsllwp.ClickHandler -> com.softwaresemantics.diyglsllwp.c:
    void onClick$255f295() -> a
com.softwaresemantics.diyglsllwp.DIYGslSurface -> com.softwaresemantics.diyglsllwp.d:
    java.lang.String shaderProgram -> c
    com.badlogic.gdx.graphics.glutils.ShaderProgram shader -> d
    com.badlogic.gdx.graphics.Mesh mesh -> a
    com.badlogic.gdx.graphics.OrthographicCamera cam -> b
    float m_fboScaler -> e
    boolean m_fboEnabled -> f
    boolean timeDithering -> g
    int timeDitheringFactor -> h
    int nbRender -> i
    boolean touchEnabled -> j
    com.badlogic.gdx.graphics.glutils.FrameBuffer m_fbo -> k
    com.badlogic.gdx.graphics.g2d.TextureRegion m_fboRegion -> l
    com.badlogic.gdx.graphics.g2d.SpriteBatch batch -> m
    int renderSurfaceWidth -> n
    int renderSurfaceHeight -> o
    int effectiveSurfaceWidth -> p
    int effectiveSurfaceHeight -> q
    float mouseCursorX -> r
    float mouseCursorY -> s
    float time -> t
    boolean doscreenShotRequest -> u
    com.softwaresemantics.diyglsllwp.ScreenshotProcessor screenshotProc -> v
    java.lang.String errorMsg -> w
    boolean showFPS -> x
    com.badlogic.gdx.graphics.g2d.BitmapFont font -> y
    com.softwaresemantics.diyglsllwp.ClickHandler listener -> z
    void updatePrefs(boolean,int,boolean,boolean,boolean,int) -> a
    void updateShader(java.lang.String) -> a
    void create() -> a
    void setupShader() -> f
    void render() -> b
    void initRenderFramebufferIfNeeded() -> g
    void forceNewRenderBuffer() -> h
    void resize(int,int) -> a
    void pause() -> c
    void resume() -> d
com.softwaresemantics.diyglsllwp.DIYGslSurface$CustomShader -> com.softwaresemantics.diyglsllwp.e:
com.softwaresemantics.diyglsllwp.DIYGslSurface$HerokuSampleShader -> com.softwaresemantics.diyglsllwp.f:
com.softwaresemantics.diyglsllwp.DialogUtils -> com.softwaresemantics.diyglsllwp.g:
    void inputDialog(android.content.Context,java.lang.String,boolean,com.softwaresemantics.diyglsllwp.InputDialogCallback) -> a
com.softwaresemantics.diyglsllwp.DialogUtils$1 -> com.softwaresemantics.diyglsllwp.h:
    android.widget.EditText val$input -> a
    com.softwaresemantics.diyglsllwp.InputDialogCallback val$callback -> b
    void onClick(android.content.DialogInterface,int) -> onClick
com.softwaresemantics.diyglsllwp.DialogUtils$2 -> com.softwaresemantics.diyglsllwp.i:
    void onClick(android.content.DialogInterface,int) -> onClick
com.softwaresemantics.diyglsllwp.Entry -> com.softwaresemantics.diyglsllwp.j:
    java.lang.String refId -> a
    android.graphics.Bitmap bmp -> b
    java.lang.String description -> c
    boolean selected -> d
    java.lang.String getRefId() -> a
    void setRefId(java.lang.String) -> a
    android.graphics.Bitmap getBmp() -> b
    void setBmp(android.graphics.Bitmap) -> a
    java.lang.String toString() -> toString
    void setSelected(boolean) -> a
    boolean isSelected() -> c
com.softwaresemantics.diyglsllwp.InputDialogCallback -> com.softwaresemantics.diyglsllwp.k:
    void inputValue(java.lang.String) -> a
...
com.badlogic.gdx.backends.android.AndroidInput$4$2$1 -> com.badlogic.gdx.backends.android.AndroidInput$4$2$1:
    com.badlogic.gdx.backends.android.AndroidInput$4$2 this$2 -> this$2
    void run() -> run
com.badlogic.gdx.backends.android.AndroidInput$5 -> com.badlogic.gdx.backends.android.AndroidInput$5:
    boolean val$visible -> val$visible
    com.badlogic.gdx.backends.android.AndroidInput this$0 -> this$0
    void run() -> run
com.badlogic.gdx.backends.android.AndroidInput$KeyEvent -> com.badlogic.gdx.backends.android.AndroidInput$KeyEvent:
    int KEY_DOWN -> KEY_DOWN
    int KEY_UP -> KEY_UP
    int KEY_TYPED -> KEY_TYPED
    long timeStamp -> timeStamp
    int type -> type
    int keyCode -> keyCode
    char keyChar -> keyChar
com.badlogic.gdx.backends.android.AndroidInput$SensorListener -> com.badlogic.gdx.backends.android.AndroidInput$SensorListener:
    float[] accelerometerValues -> accelerometerValues
    float[] magneticFieldValues -> magneticFieldValues
    com.badlogic.gdx.Input$Orientation nativeOrientation -> nativeOrientation
    com.badlogic.gdx.backends.android.AndroidInput this$0 -> this$0
    void onAccuracyChanged(android.hardware.Sensor,int) -> onAccuracyChanged
    void onSensorChanged(android.hardware.SensorEvent) -> onSensorChanged
com.badlogic.gdx.backends.android.AndroidInput$TouchEvent -> com.badlogic.gdx.backends.android.AndroidInput$TouchEvent:
    int TOUCH_DOWN -> TOUCH_DOWN
    int TOUCH_UP -> TOUCH_UP
    int TOUCH_DRAGGED -> TOUCH_DRAGGED
    long timeStamp -> timeStamp
    int type -> type
    int x -> x
    int y -> y
    int pointer -> pointer
com.badlogic.gdx.backends.android.AndroidInputFactory -> com.badlogic.gdx.backends.android.AndroidInputFactory:
    com.badlogic.gdx.backends.android.AndroidInput newAndroidInput(com.badlogic.gdx.Application,android.content.Context,java.lang.Object,com.badlogic.gdx.backends.android.AndroidApplicationConfiguration) -> newAndroidInput
com.badlogic.gdx.backends.android.AndroidInputThreePlus -> com.badlogic.gdx.backends.android.AndroidInputThreePlus:
    java.util.ArrayList genericMotionListeners -> genericMotionListeners
    boolean onGenericMotion(android.view.View,android.view.MotionEvent) -> onGenericMotion
    void addGenericMotionListener(android.view.View$OnGenericMotionListener) -> addGenericMotionListener
com.badlogic.gdx.backends.android.AndroidLiveWallpaper -> com.badlogic.gdx.backends.android.AndroidLiveWallpaper:
    com.badlogic.gdx.backends.android.AndroidLiveWallpaperService service -> service
    com.badlogic.gdx.backends.android.AndroidGraphicsLiveWallpaper graphics -> graphics
    com.badlogic.gdx.backends.android.AndroidInput input -> input
    com.badlogic.gdx.backends.android.AndroidAudio audio -> audio
    com.badlogic.gdx.backends.android.AndroidFiles files -> files
    com.badlogic.gdx.backends.android.AndroidNet net -> net
    com.badlogic.gdx.ApplicationListener listener -> listener
    boolean firstResume -> firstResume
    com.badlogic.gdx.utils.Array runnables -> runnables
    com.badlogic.gdx.utils.Array executedRunnables -> executedRunnables
    com.badlogic.gdx.utils.Array lifecycleListeners -> lifecycleListeners
    int logLevel -> logLevel
    com.badlogic.gdx.backends.android.AndroidClipboard clipboard -> clipboard
    void initialize(com.badlogic.gdx.ApplicationListener,com.badlogic.gdx.backends.android.AndroidApplicationConfiguration) -> initialize
    void onPause() -> onPause
    void onResume() -> onResume
    void onDestroy() -> onDestroy
    android.view.WindowManager getWindowManager() -> getWindowManager
    com.badlogic.gdx.backends.android.AndroidLiveWallpaperService getService() -> getService
    com.badlogic.gdx.ApplicationListener getListener() -> getListener
    void postRunnable(java.lang.Runnable) -> postRunnable